2024-07-08T17:06:15.432Z - Provider and contract setup completed.
2024-07-08T17:06:15.875Z - Found 1 users.
2024-07-08T17:06:16.234Z - Found 1 live challenges.
2024-07-08T17:06:16.235Z - Successfully built new events log.
2024-07-08T17:42:47.018Z - Provider and contract setup completed.
2024-07-08T17:42:47.436Z - Found 1 users.
2024-07-08T17:42:47.783Z - Found 1 live challenges.
2024-07-08T17:42:47.783Z - Successfully built new events log.
2024-07-08T17:47:05.608Z - Provider and contract setup completed.
2024-07-08T17:47:06.206Z - Found 1 users.
2024-07-08T17:47:06.541Z - Found 1 live challenges.
2024-07-08T17:47:06.543Z - Loaded existing events log.
2024-07-08T17:48:03.466Z - Provider and contract setup completed.
2024-07-08T17:48:03.892Z - Found 1 users.
2024-07-08T17:48:04.234Z - Found 1 live challenges.
2024-07-08T17:48:04.235Z - Successfully built new events log.
2024-07-09T11:58:20.179Z - Provider and contract setup completed.
2024-07-09T11:58:20.629Z - Found 1 users.
2024-07-09T11:58:20.992Z - Found 1 live challenges.
2024-07-09T12:05:37.246Z - Provider and contract setup completed.
2024-07-09T12:05:37.681Z - Found 1 users.
2024-07-09T12:05:38.025Z - No live challenges found.
2024-07-09T12:08:28.250Z - Provider and contract setup completed.
2024-07-09T12:08:28.670Z - Found 1 users.
2024-07-09T12:08:28.997Z - Found 1 live challenges.
2024-07-09T12:09:28.636Z - Provider and contract setup completed.
2024-07-09T12:09:29.105Z - Found 1 users.
2024-07-09T12:09:29.524Z - Found 1 live challenges.
2024-07-09T12:09:52.991Z - Provider and contract setup completed.
2024-07-09T12:09:53.447Z - Found 1 users.
2024-07-09T12:09:53.796Z - Found 1 live challenges.
2024-07-09T15:46:32.740Z - Provider and contract setup completed.
2024-07-09T15:46:33.188Z - Found 1 users.
2024-07-09T15:46:33.645Z - Found 1 live challenges.
2024-07-09T15:47:31.313Z - Provider and contract setup completed.
2024-07-09T15:47:31.755Z - Found 1 users.
2024-07-09T15:47:32.109Z - Found 1 live challenges.
2024-07-09T15:48:06.691Z - Provider and contract setup completed.
2024-07-09T15:48:07.108Z - Found 1 users.
2024-07-09T15:48:07.460Z - Found 1 live challenges.
2024-07-09T15:49:21.367Z - Provider and contract setup completed.
2024-07-09T15:49:21.754Z - Found 1 users.
2024-07-09T15:49:22.125Z - Found 1 live challenges.
2024-07-09T15:49:49.570Z - Provider and contract setup completed.
2024-07-09T15:49:50.254Z - Found 1 users.
2024-07-09T15:49:50.616Z - Found 1 live challenges.
2024-07-09T15:54:44.000Z - Provider and contract setup completed.
2024-07-09T15:54:44.447Z - Found 1 users.
2024-07-09T15:54:44.808Z - Found 1 live challenges.
2024-07-09T16:03:31.073Z - Provider and contract setup completed.
2024-07-09T16:03:31.523Z - Found 1 users.
2024-07-09T16:03:31.879Z - Found 1 live challenges.
2024-07-09T16:04:45.750Z - Provider and contract setup completed.
2024-07-09T16:04:46.435Z - Found 1 users.
2024-07-09T16:04:46.978Z - Found 1 live challenges.
2024-07-09T16:16:21.375Z - Provider and contract setup completed.
2024-07-09T16:16:21.806Z - Found 1 users.
2024-07-09T16:16:22.140Z - Found 1 live challenges.
2024-07-09T16:18:45.005Z - Provider and contract setup completed.
2024-07-09T16:18:45.426Z - Found 1 users.
2024-07-09T16:18:45.799Z - Found 1 live challenges.
2024-07-09T16:19:23.366Z - Provider and contract setup completed.
2024-07-09T16:19:23.825Z - Found 1 users.
2024-07-09T16:19:24.376Z - Found 1 live challenges.
2024-07-09T16:24:58.187Z - Provider and contract setup completed.
2024-07-09T16:24:58.606Z - Found 1 users.
2024-07-09T16:24:58.950Z - Found 1 live challenges.
2024-07-09T16:25:43.945Z - Provider and contract setup completed.
2024-07-09T16:25:44.390Z - Found 1 users.
2024-07-09T16:25:44.774Z - Found 1 live challenges.
2024-07-09T16:27:20.421Z - Provider and contract setup completed.
2024-07-09T16:27:20.876Z - Found 1 users.
2024-07-09T16:27:21.402Z - Found 1 live challenges.
2024-07-09T16:29:39.532Z - Provider and contract setup completed.
2024-07-09T16:29:39.925Z - Found 1 users.
2024-07-09T16:29:40.291Z - Found 1 live challenges.
2024-07-09T16:32:22.542Z - Provider and contract setup completed.
2024-07-09T16:32:23.157Z - Found 1 users.
2024-07-09T16:32:23.515Z - Found 1 live challenges.
2024-07-09T16:34:27.923Z - Provider and contract setup completed.
2024-07-09T16:34:28.364Z - Found 1 users.
2024-07-09T16:34:28.721Z - Found 1 live challenges.
2024-07-09T16:34:31.346Z - Successfully retrieved Strava data for challenge
2024-07-09T16:34:37.993Z - Successfully handled interval review for challenge 1
2024-07-09T16:38:11.730Z - Provider and contract setup completed.
2024-07-09T16:38:12.150Z - Found 1 users.
2024-07-09T16:38:12.478Z - Found 1 live challenges.
2024-07-09T16:46:21.597Z - Provider and contract setup completed.
2024-07-09T16:46:22.239Z - Found 1 users.
2024-07-09T16:46:22.872Z - Found 1 live challenges.
2024-07-09T16:46:25.408Z - Successfully retrieved Strava data for challenge
2024-07-09T16:46:31.862Z - Successfully handled interval review for challenge 1
2024-07-09T16:47:25.657Z - Provider and contract setup completed.
2024-07-09T16:47:26.097Z - Found 1 users.
2024-07-09T16:47:26.413Z - Found 1 live challenges.
2024-07-09T16:47:29.169Z - Successfully retrieved Strava data for challenge
2024-07-09T16:47:35.973Z - Successfully handled interval review for challenge 1
2024-07-09T16:48:30.962Z - Provider and contract setup completed.
2024-07-09T16:48:31.372Z - Found 1 users.
2024-07-09T16:48:31.697Z - Found 1 live challenges.
2024-07-09T16:48:34.618Z - Successfully retrieved Strava data for challenge
2024-07-09T16:48:41.126Z - Successfully handled interval review for challenge 1
2024-07-09T16:48:41.129Z - Error completing challenge 1 for user 0x5f2AF68dF96F3e58e1a243F4f83aD4f5D0Ca6029: TypeError: Cannot mix BigInt and other types, use explicit conversions
2024-07-09T16:50:12.920Z - Provider and contract setup completed.
2024-07-09T16:50:13.403Z - Found 1 users.
2024-07-09T16:50:13.751Z - Found 1 live challenges.
2024-07-09T16:50:16.698Z - Successfully retrieved Strava data for challenge
2024-07-09T16:50:23.136Z - Successfully handled interval review for challenge 1
2024-07-09T16:50:23.137Z - Error completing challenge 1 for user 0x5f2AF68dF96F3e58e1a243F4f83aD4f5D0Ca6029: TypeError: Cannot convert undefined to a BigInt
2024-07-09T16:54:23.241Z - Provider and contract setup completed.
2024-07-09T16:54:23.643Z - Found 1 users.
2024-07-09T16:54:23.981Z - Found 1 live challenges.
2024-07-09T16:54:26.422Z - Successfully retrieved Strava data for challenge
2024-07-09T16:54:33.067Z - Successfully handled interval review for challenge 1
2024-07-09T16:54:33.069Z - Error completing challenge 1 for user 0x5f2AF68dF96F3e58e1a243F4f83aD4f5D0Ca6029: TypeError: Cannot mix BigInt and other types, use explicit conversions
2024-07-09T16:59:46.450Z - Provider and contract setup completed.
2024-07-09T16:59:46.914Z - Found 1 users.
2024-07-09T16:59:47.274Z - Found 1 live challenges.
2024-07-09T16:59:48.809Z - Error handling challenge for user 0x5f2AF68dF96F3e58e1a243F4f83aD4f5D0Ca6029: AxiosError: Request failed with status code 400
2024-07-09T17:00:52.119Z - Provider and contract setup completed.
2024-07-09T17:00:52.702Z - Found 1 users.
2024-07-09T17:00:53.057Z - Found 1 live challenges.
2024-07-09T17:00:54.466Z - Error handling challenge for user 0x5f2AF68dF96F3e58e1a243F4f83aD4f5D0Ca6029: AxiosError: Request failed with status code 400
2024-07-09T17:06:25.375Z - Provider and contract setup completed.
2024-07-09T17:06:25.825Z - Found 1 users.
2024-07-09T17:06:26.177Z - Found 1 live challenges.
2024-07-09T17:06:27.868Z - Error handling challenge for user 0x5f2AF68dF96F3e58e1a243F4f83aD4f5D0Ca6029: AxiosError: Request failed with status code 400
2024-07-09T17:07:30.193Z - Provider and contract setup completed.
2024-07-09T17:07:30.617Z - Found 1 users.
2024-07-09T17:07:30.934Z - Found 1 live challenges.
2024-07-09T17:07:32.326Z - Error handling challenge for user 0x5f2AF68dF96F3e58e1a243F4f83aD4f5D0Ca6029: AxiosError: Request failed with status code 400
2024-07-09T17:10:30.801Z - Provider and contract setup completed.
2024-07-09T17:10:31.242Z - Found 1 users.
2024-07-09T17:10:31.599Z - Found 1 live challenges.
2024-07-09T17:10:33.190Z - Error handling challenge for user 0x5f2AF68dF96F3e58e1a243F4f83aD4f5D0Ca6029: AxiosError: Request failed with status code 400
2024-07-09T17:14:15.839Z - Provider and contract setup completed.
2024-07-09T17:14:16.267Z - Found 1 users.
2024-07-09T17:14:16.598Z - Found 1 live challenges.
2024-07-09T17:14:18.411Z - Error handling challenge for user 0x5f2AF68dF96F3e58e1a243F4f83aD4f5D0Ca6029: AxiosError: Request failed with status code 400
2024-07-09T17:16:13.506Z - Provider and contract setup completed.
2024-07-09T17:16:13.955Z - Found 1 users.
2024-07-09T17:16:14.316Z - Found 1 live challenges.
2024-07-09T17:16:15.785Z - Error handling challenge for user 0x5f2AF68dF96F3e58e1a243F4f83aD4f5D0Ca6029: AxiosError: Request failed with status code 400
2024-07-09T17:17:56.675Z - Provider and contract setup completed.
2024-07-09T17:17:57.089Z - Found 1 users.
2024-07-09T17:17:57.438Z - Found 1 live challenges.
2024-07-09T17:18:00.046Z - Successfully retrieved Strava data for challenge
2024-07-09T17:18:07.774Z - Successfully handled interval review for challenge 1
